<?xml version="1.0" encoding="UTF-8"?>
<!-- Generated by org.testng.reporters.JUnitReportReporter -->
<testsuite skipped="0" hostname="L700DTRV" name="SamplePackage.ValidatiDropdown" tests="12" failures="0" timestamp="18 Oct 2019 08:43:47 GMT" time="25.141" errors="0">
  <testcase name="Menucheck1" time="1.700" classname="SamplePackage.ValidatiDropdown"/>
  <testcase name="Menucheck6" time="0.079" classname="SamplePackage.ValidatiDropdown"/>
  <testcase name="ValidateDropdown0" time="6.010" classname="SamplePackage.ValidatiDropdown"/>
  <testcase name="Menucheck2" time="1.224" classname="SamplePackage.ValidatiDropdown"/>
  <testcase name="Menucheck0" time="0.053" classname="SamplePackage.ValidatiDropdown"/>
  <testcase name="Menucheck3" time="2.349" classname="SamplePackage.ValidatiDropdown"/>
  <testcase name="Menucheck8" time="0.807" classname="SamplePackage.ValidatiDropdown"/>
  <testcase name="HomeTitleVerify" time="0.011" classname="SamplePackage.ValidatiDropdown"/>
  <testcase name="LoginValidation" time="3.616" classname="SamplePackage.ValidatiDropdown"/>
  <testcase name="Menucheck4" time="1.235" classname="SamplePackage.ValidatiDropdown"/>
  <testcase name="Menucheck7" time="2.711" classname="SamplePackage.ValidatiDropdown"/>
  <testcase name="Menucheck5" time="5.346" classname="SamplePackage.ValidatiDropdown"/>
</testsuite> <!-- SamplePackage.ValidatiDropdown -->
