<?xml version="1.0" encoding="UTF-8"?>
<!-- Generated by org.testng.reporters.JUnitReportReporter -->
<testsuite skipped="0" hostname="L700DTRV" name="SamplePackage.TestNGFile" tests="3" failures="0" timestamp="17 Oct 2019 04:48:59 GMT" time="6.171" errors="0">
  <testcase name="HomeTitleVerify" time="0.011" classname="SamplePackage.TestNGFile"/>
  <testcase name="Login" time="6.113" classname="SamplePackage.TestNGFile"/>
  <testcase name="menucheck" time="0.047" classname="SamplePackage.TestNGFile"/>
</testsuite> <!-- SamplePackage.TestNGFile -->
