<?xml version="1.0" encoding="UTF-8"?>
<!-- Generated by org.testng.reporters.JUnitReportReporter -->
<testsuite skipped="0" hostname="L700DTRV" name="SamplePackage.MenuCheck" tests="11" failures="0" timestamp="18 Oct 2019 08:37:28 GMT" time="14.381" errors="0">
  <testcase name="HomeTitleVerify" time="0.013" classname="SamplePackage.MenuCheck"/>
  <testcase name="Menucheck2" time="1.359" classname="SamplePackage.MenuCheck"/>
  <testcase name="Menucheck7" time="1.882" classname="SamplePackage.MenuCheck"/>
  <testcase name="LoginValidation" time="1.926" classname="SamplePackage.MenuCheck"/>
  <testcase name="Menucheck1" time="3.596" classname="SamplePackage.MenuCheck"/>
  <testcase name="Menucheck3" time="2.318" classname="SamplePackage.MenuCheck"/>
  <testcase name="Menucheck4" time="1.131" classname="SamplePackage.MenuCheck"/>
  <testcase name="Menucheck0" time="0.046" classname="SamplePackage.MenuCheck"/>
  <testcase name="Menucheck5" time="1.239" classname="SamplePackage.MenuCheck"/>
  <testcase name="Menucheck8" time="0.778" classname="SamplePackage.MenuCheck"/>
  <testcase name="Menucheck6" time="0.093" classname="SamplePackage.MenuCheck"/>
</testsuite> <!-- SamplePackage.MenuCheck -->
