<?xml version="1.0" encoding="UTF-8"?>
<!-- Generated by org.testng.reporters.JUnitReportReporter -->
<testsuite skipped="0" hostname="L700DTRV" name="SamplePackage.Login" tests="2" failures="0" timestamp="18 Oct 2019 05:26:07 GMT" time="6.981" errors="0">
  <testcase name="HomeTitleVerify" time="0.013" classname="SamplePackage.Login"/>
  <testcase name="LoginValidation" time="6.968" classname="SamplePackage.Login"/>
</testsuite> <!-- SamplePackage.Login -->
